<?xml version="1.0" encoding="UTF-8"?>
<testng-results ignored="0" total="1" passed="1" failed="0" skipped="0">
  <reporter-output>
  </reporter-output>
  <suite started-at="2025-08-26T16:04:56 IST" name="Default suite" finished-at="2025-08-26T16:05:12 IST" duration-ms="16213">
    <groups>
    </groups>
    <test started-at="2025-08-26T16:04:56 IST" name="Default test" finished-at="2025-08-26T16:05:12 IST" duration-ms="16213">
      <class name="project.Q6">
        <test-method is-config="true" signature="setup()[pri:0, instance:project.Q6@ae13544]" started-at="2025-08-26T16:04:56 IST" name="setup" finished-at="2025-08-26T16:05:08 IST" duration-ms="11373" status="PASS">
          <reporter-output>
          </reporter-output>
        </test-method> <!-- setup -->
        <test-method signature="Checkboxes()[pri:0, instance:project.Q6@ae13544]" started-at="2025-08-26T16:05:08 IST" name="Checkboxes" finished-at="2025-08-26T16:05:09 IST" duration-ms="883" status="PASS">
          <reporter-output>
          </reporter-output>
        </test-method> <!-- Checkboxes -->
        <test-method is-config="true" signature="tearDown()[pri:0, instance:project.Q6@ae13544]" started-at="2025-08-26T16:05:09 IST" name="tearDown" finished-at="2025-08-26T16:05:12 IST" duration-ms="3727" status="PASS">
          <reporter-output>
          </reporter-output>
        </test-method> <!-- tearDown -->
      </class> <!-- project.Q6 -->
    </test> <!-- Default test -->
  </suite> <!-- Default suite -->
</testng-results>
