<?xml version="1.0" encoding="UTF-8"?>
<testng-results ignored="0" total="1" passed="1" failed="0" skipped="0">
  <reporter-output>
  </reporter-output>
  <suite started-at="2025-08-26T18:47:28 IST" name="Suite" finished-at="2025-08-26T18:47:47 IST" duration-ms="18883">
    <groups>
    </groups>
    <test started-at="2025-08-26T18:47:28 IST" name="Test" finished-at="2025-08-26T18:47:47 IST" duration-ms="18883">
      <class name="project.Q3">
        <test-method signature="f()[pri:0, instance:project.Q3@79e2c065]" started-at="2025-08-26T18:47:28 IST" name="f" finished-at="2025-08-26T18:47:47 IST" duration-ms="18805" status="PASS">
          <reporter-output>
          </reporter-output>
        </test-method> <!-- f -->
      </class> <!-- project.Q3 -->
    </test> <!-- Test -->
  </suite> <!-- Suite -->
</testng-results>
