<?xml version="1.0" encoding="UTF-8"?>
<testsuite xmlns:xsi="http://www.w3.org/2001/XMLSchema-instance" xsi:noNamespaceSchemaLocation="https://maven.apache.org/surefire/maven-surefire-plugin/xsd/surefire-test-report-3.0.xsd" version="3.0" name="TestSuite" time="20.179" tests="1" errors="0" skipped="0" failures="0">
  <properties>
[...]
</properties>
  <testcase name="f" classname="project.Q3" time="18.808">
    <system-out><![CDATA[Sponsored
HP OmniBook 5 OLED (Previously Pavilion), QC Snapdragon X (16GB LPDDR5x, 512GB SSD) 2K, 14''/35.6cm, Win11, M365 Basic(1yr)* Office24, Silver, 1.35kg, he0014QU, Ultra Light-Weight, Next-Gen AI Laptop
21
100+ bought in past month
₹68,990
M.R.P:
₹83,704 (18% off)
FREE delivery Thu, 28 Aug
Or fastest delivery Tomorrow, 27 Aug
Service: Device Setup
Add to cart

Sponsored
Lenovo IdeaPad Slim 3, Intel Core i5-12450H 12th Gen, 16GB RAM, 512GB SSD, FHD 250Nits, 14"/35.5cm, Windows 11, MSOffice 21, Grey, 1.37Kg, 83EQ005VIN,1Yr Warranty,Alexa Built-in,3 mon. GamePass Laptop
697
50+ bought in past month
₹48,999
M.R.P:
₹58,900 (17% off)
Save extra with No Cost EMI
FREE delivery Fri, 5 Sept
Service: Device Setup
Add to cart
+4 other colors/patterns

Best seller
HP 15, AMD Ryzen 3 7320U (8GB LPDDR5, 512GB SSD) FHD, Anti-Glare, Micro-Edge, 15.6"/39.6cm, Win 11, Office 21, Silver, 1.59kg, fc0154AU, AMD Radeon Graphics, 1080p FHD Camera Laptop
1,761
2K+ bought in past month
₹29,890
M.R.P:
₹45,995 (35% off)
Prime Savings 3% Off on ICICI Credi...
FREE delivery Thu, 28 Aug
Or fastest delivery Tomorrow, 27 Aug
Service: Device Setup
Add to cart
More Buying Choices
₹29,790(8 new offers)

Dell Inspiron 3530, Intel Core i5-1334U, 13th Gen, 16GB RAM, 1TB SSD, FHD, 15.6"/39.62cm, Windows 11, MS Office 24, Silver, 1.62KG, Backlit Keyboard, McAfee 15 Month, Thin & Light Laptop
918
400+ bought in past month
₹59,990
M.R.P:
₹72,605.84 (17% off)
Flat INR 500 Off on HDFC BanksCards
FREE delivery Thu, 28 Aug
Or fastest delivery Tomorrow, 27 Aug
Service: Device Setup
Add to cart

Acer Aspire Lite 12th Gen Intel Core i5-12450H Thin and Light Laptop (Windows11Home/16GB RAM/512GB SSD) AL15-52H, 39.62cm (15.6") IPS Full HD, Backlit Keyboard, Pure Silver, 1.7KG
1
₹43,990
M.R.P:
₹62,999 (30% off)
Save extra with No Cost EMI
FREE delivery Sun, 31 Aug
Only 1 left in stock.
Service: Device Setup
Add to cart

]]></system-out>
    <system-err><![CDATA[Aug 26, 2025 6:47:34 PM org.openqa.selenium.devtools.CdpVersionFinder findNearestMatch
WARNING: Unable to find an exact match for CDP version 139, returning the closest version; found: 138; Please update to a Selenium version that supports CDP version 139
]]></system-err>
  </testcase>
</testsuite>